
> @devbot/app@1.0.0 dev
> vite --port=4005

Re-optimizing dependencies because vite config has changed

  VITE v5.2.11  ready in 231 ms

  ➜  Local:   http://localhost:4005/
  ➜  Network: http://10.254.11.72:4005/
  ➜  Network: http://100.84.124.96:4005/
  ➜  press h + enter to show help
8:18:00 AM [vite] warning: Unrecognized target environment "ES2023"
1  |  import RefreshRuntime from "/@react-refresh";const inWebWorker = typeof WorkerGlobalScope !== 'undefined' && self instanceof WorkerGlobalScope;let prevRefreshReg;let prevRefreshSig;if (import.meta.hot && !inWebWorker) {  if (!window.__vite_plugin_react_preamble_installed__) {    throw new Error(      "@vitejs/plugin-react can't detect preamble. Something is wrong. " +      "See https://github.com/vitejs/vite-plugin-react/pull/11#discussion_r430879201"    );  }  prevRefreshReg = window.$RefreshReg$;  prevRefreshSig = window.$RefreshSig$;  window.$RefreshReg$ = (type, id) => {    RefreshRuntime.register(type, "/Users/subbiahchandramouli/Documents/GitHub/all_projects/modules/component/src/InitializeReusableChunks.tsx" + " " + id)  };  window.$RefreshSig$ = RefreshRuntime.createSignatureFunctionForTransform;}var _s = $RefreshSig$(),_s2 = $RefreshSig$();import { ReactNode, useEffect, useState, useRef } from 'react';
   |                               ^
2  |  import { GoogleOAuthProvider } from '@react-oauth/google';
3  |  import { ThemeProvider } from './statefulComponents/theme/provider';

  Plugin: vite:esbuild
  File: /Users/subbiahchandramouli/Documents/GitHub/all_projects/modules/component/src/InitializeReusableChunks.tsx
8:18:00 AM [vite] warning: Unrecognized target environment "ES2023"
1  |  import RefreshRuntime from "/@react-refresh";const inWebWorker = typeof WorkerGlobalScope !== 'undefined' && self instanceof WorkerGlobalScope;let prevRefreshReg;let prevRefreshSig;if (import.meta.hot && !inWebWorker) {  if (!window.__vite_plugin_react_preamble_installed__) {    throw new Error(      "@vitejs/plugin-react can't detect preamble. Something is wrong. " +      "See https://github.com/vitejs/vite-plugin-react/pull/11#discussion_r430879201"    );  }  prevRefreshReg = window.$RefreshReg$;  prevRefreshSig = window.$RefreshSig$;  window.$RefreshReg$ = (type, id) => {    RefreshRuntime.register(type, "/Users/subbiahchandramouli/Documents/GitHub/all_projects/modules/component/src/components/ui/dialog.tsx" + " " + id)  };  window.$RefreshSig$ = RefreshRuntime.createSignatureFunctionForTransform;}import * as React from 'react';
   |                               ^
2  |  import * as DialogPrimitive from '@radix-ui/react-dialog';
3  |  import { X } from 'lucide-react';

  Plugin: vite:esbuild
  File: /Users/subbiahchandramouli/Documents/GitHub/all_projects/modules/component/src/components/ui/dialog.tsx
8:18:00 AM [vite] warning: Unrecognized target environment "ES2023"
1  |  import RefreshRuntime from "/@react-refresh";const inWebWorker = typeof WorkerGlobalScope !== 'undefined' && self instanceof WorkerGlobalScope;let prevRefreshReg;let prevRefreshSig;if (import.meta.hot && !inWebWorker) {  if (!window.__vite_plugin_react_preamble_installed__) {    throw new Error(      "@vitejs/plugin-react can't detect preamble. Something is wrong. " +      "See https://github.com/vitejs/vite-plugin-react/pull/11#discussion_r430879201"    );  }  prevRefreshReg = window.$RefreshReg$;  prevRefreshSig = window.$RefreshSig$;  window.$RefreshReg$ = (type, id) => {    RefreshRuntime.register(type, "/Users/subbiahchandramouli/Documents/GitHub/all_projects/modules/component/src/components/ui/tabs.tsx" + " " + id)  };  window.$RefreshSig$ = RefreshRuntime.createSignatureFunctionForTransform;}import * as React from 'react';
   |                               ^
2  |  import * as TabsPrimitive from '@radix-ui/react-tabs';
3  |  import { cn } from '../../lib/utils';

  Plugin: vite:esbuild
  File: /Users/subbiahchandramouli/Documents/GitHub/all_projects/modules/component/src/components/ui/tabs.tsx
8:18:00 AM [vite] warning: Unrecognized target environment "ES2023"
1  |  import RefreshRuntime from "/@react-refresh";const inWebWorker = typeof WorkerGlobalScope !== 'undefined' && self instanceof WorkerGlobalScope;let prevRefreshReg;let prevRefreshSig;if (import.meta.hot && !inWebWorker) {  if (!window.__vite_plugin_react_preamble_installed__) {    throw new Error(      "@vitejs/plugin-react can't detect preamble. Something is wrong. " +      "See https://github.com/vitejs/vite-plugin-react/pull/11#discussion_r430879201"    );  }  prevRefreshReg = window.$RefreshReg$;  prevRefreshSig = window.$RefreshSig$;  window.$RefreshReg$ = (type, id) => {    RefreshRuntime.register(type, "/Users/subbiahchandramouli/Documents/GitHub/all_projects/modules/component/src/components/DataFetchWrapper.tsx" + " " + id)  };  window.$RefreshSig$ = RefreshRuntime.createSignatureFunctionForTransform;}import { ReactNode } from 'react';
   |                               ^
2  |  import { Loader2, AlertTriangle } from 'lucide-react';
3  |  

  Plugin: vite:esbuild
  File: /Users/subbiahchandramouli/Documents/GitHub/all_projects/modules/component/src/components/DataFetchWrapper.tsx
8:18:00 AM [vite] warning: Unrecognized target environment "ES2023"
1  |  import RefreshRuntime from "/@react-refresh";const inWebWorker = typeof WorkerGlobalScope !== 'undefined' && self instanceof WorkerGlobalScope;let prevRefreshReg;let prevRefreshSig;if (import.meta.hot && !inWebWorker) {  if (!window.__vite_plugin_react_preamble_installed__) {    throw new Error(      "@vitejs/plugin-react can't detect preamble. Something is wrong. " +      "See https://github.com/vitejs/vite-plugin-react/pull/11#discussion_r430879201"    );  }  prevRefreshReg = window.$RefreshReg$;  prevRefreshSig = window.$RefreshSig$;  window.$RefreshReg$ = (type, id) => {    RefreshRuntime.register(type, "/Users/subbiahchandramouli/Documents/GitHub/all_projects/modules/component/src/components/ui/textarea.tsx" + " " + id)  };  window.$RefreshSig$ = RefreshRuntime.createSignatureFunctionForTransform;}import * as React from 'react';
   |                               ^
2  |  import { cn } from '../../lib/utils';
3  |  

  Plugin: vite:esbuild
  File: /Users/subbiahchandramouli/Documents/GitHub/all_projects/modules/component/src/components/ui/textarea.tsx
8:18:00 AM [vite] warning: Unrecognized target environment "ES2023"
1  |  import RefreshRuntime from "/@react-refresh";const inWebWorker = typeof WorkerGlobalScope !== 'undefined' && self instanceof WorkerGlobalScope;let prevRefreshReg;let prevRefreshSig;if (import.meta.hot && !inWebWorker) {  if (!window.__vite_plugin_react_preamble_installed__) {    throw new Error(      "@vitejs/plugin-react can't detect preamble. Something is wrong. " +      "See https://github.com/vitejs/vite-plugin-react/pull/11#discussion_r430879201"    );  }  prevRefreshReg = window.$RefreshReg$;  prevRefreshSig = window.$RefreshSig$;  window.$RefreshReg$ = (type, id) => {    RefreshRuntime.register(type, "/Users/subbiahchandramouli/Documents/GitHub/all_projects/modules/component/src/components/ui/button.tsx" + " " + id)  };  window.$RefreshSig$ = RefreshRuntime.createSignatureFunctionForTransform;}import * as React from 'react';
   |                               ^
2  |  import { Slot } from '@radix-ui/react-slot';
3  |  import { cva, type VariantProps } from 'class-variance-authority';

  Plugin: vite:esbuild
  File: /Users/subbiahchandramouli/Documents/GitHub/all_projects/modules/component/src/components/ui/button.tsx
8:18:01 AM [vite] warning: Unrecognized target environment "ES2023"
1  |  import RefreshRuntime from "/@react-refresh";const inWebWorker = typeof WorkerGlobalScope !== 'undefined' && self instanceof WorkerGlobalScope;let prevRefreshReg;let prevRefreshSig;if (import.meta.hot && !inWebWorker) {  if (!window.__vite_plugin_react_preamble_installed__) {    throw new Error(      "@vitejs/plugin-react can't detect preamble. Something is wrong. " +      "See https://github.com/vitejs/vite-plugin-react/pull/11#discussion_r430879201"    );  }  prevRefreshReg = window.$RefreshReg$;  prevRefreshSig = window.$RefreshSig$;  window.$RefreshReg$ = (type, id) => {    RefreshRuntime.register(type, "/Users/subbiahchandramouli/Documents/GitHub/all_projects/modules/component/src/components/ui/drawer.tsx" + " " + id)  };  window.$RefreshSig$ = RefreshRuntime.createSignatureFunctionForTransform;}import * as React from 'react';
   |                               ^
2  |  import { Drawer as DrawerPrimitive } from 'vaul';
3  |  import { cn } from '../../lib/utils';

  Plugin: vite:esbuild
  File: /Users/subbiahchandramouli/Documents/GitHub/all_projects/modules/component/src/components/ui/drawer.tsx
8:18:01 AM [vite] warning: Unrecognized target environment "ES2023"
1  |  import RefreshRuntime from "/@react-refresh";const inWebWorker = typeof WorkerGlobalScope !== 'undefined' && self instanceof WorkerGlobalScope;let prevRefreshReg;let prevRefreshSig;if (import.meta.hot && !inWebWorker) {  if (!window.__vite_plugin_react_preamble_installed__) {    throw new Error(      "@vitejs/plugin-react can't detect preamble. Something is wrong. " +      "See https://github.com/vitejs/vite-plugin-react/pull/11#discussion_r430879201"    );  }  prevRefreshReg = window.$RefreshReg$;  prevRefreshSig = window.$RefreshSig$;  window.$RefreshReg$ = (type, id) => {    RefreshRuntime.register(type, "/Users/subbiahchandramouli/Documents/GitHub/all_projects/modules/component/src/components/ui/input.tsx" + " " + id)  };  window.$RefreshSig$ = RefreshRuntime.createSignatureFunctionForTransform;}import * as React from 'react';
   |                               ^
2  |  import { cn } from '../../lib/utils';
3  |  

  Plugin: vite:esbuild
  File: /Users/subbiahchandramouli/Documents/GitHub/all_projects/modules/component/src/components/ui/input.tsx
8:18:01 AM [vite] warning: Unrecognized target environment "ES2023"
1  |  import RefreshRuntime from "/@react-refresh";const inWebWorker = typeof WorkerGlobalScope !== 'undefined' && self instanceof WorkerGlobalScope;let prevRefreshReg;let prevRefreshSig;if (import.meta.hot && !inWebWorker) {  if (!window.__vite_plugin_react_preamble_installed__) {    throw new Error(      "@vitejs/plugin-react can't detect preamble. Something is wrong. " +      "See https://github.com/vitejs/vite-plugin-react/pull/11#discussion_r430879201"    );  }  prevRefreshReg = window.$RefreshReg$;  prevRefreshSig = window.$RefreshSig$;  window.$RefreshReg$ = (type, id) => {    RefreshRuntime.register(type, "/Users/subbiahchandramouli/Documents/GitHub/all_projects/modules/component/src/components/ui/tooltip.tsx" + " " + id)  };  window.$RefreshSig$ = RefreshRuntime.createSignatureFunctionForTransform;}import * as React from 'react';
   |                               ^
2  |  import * as TooltipPrimitive from '@radix-ui/react-tooltip';
3  |  

  Plugin: vite:esbuild
  File: /Users/subbiahchandramouli/Documents/GitHub/all_projects/modules/component/src/components/ui/tooltip.tsx
8:18:01 AM [vite] warning: Unrecognized target environment "ES2023"
1  |  import RefreshRuntime from "/@react-refresh";const inWebWorker = typeof WorkerGlobalScope !== 'undefined' && self instanceof WorkerGlobalScope;let prevRefreshReg;let prevRefreshSig;if (import.meta.hot && !inWebWorker) {  if (!window.__vite_plugin_react_preamble_installed__) {    throw new Error(      "@vitejs/plugin-react can't detect preamble. Something is wrong. " +      "See https://github.com/vitejs/vite-plugin-react/pull/11#discussion_r430879201"    );  }  prevRefreshReg = window.$RefreshReg$;  prevRefreshSig = window.$RefreshSig$;  window.$RefreshReg$ = (type, id) => {    RefreshRuntime.register(type, "/Users/subbiahchandramouli/Documents/GitHub/all_projects/modules/component/src/components/ui/checkbox.tsx" + " " + id)  };  window.$RefreshSig$ = RefreshRuntime.createSignatureFunctionForTransform;}import * as React from 'react';
   |                               ^
2  |  import * as CheckboxPrimitive from '@radix-ui/react-checkbox';
3  |  import { Check } from 'lucide-react';

  Plugin: vite:esbuild
  File: /Users/subbiahchandramouli/Documents/GitHub/all_projects/modules/component/src/components/ui/checkbox.tsx
8:18:01 AM [vite] warning: Unrecognized target environment "ES2023"
1  |  /**
2  |   * AuthLogin - Reusable OAuth login component
   |                           ^
3  |   *
4  |   * Provides a generic OAuth login UI that wraps provider-specific login buttons.

  Plugin: vite:esbuild
  File: /Users/subbiahchandramouli/Documents/GitHub/all_projects/modules/component/src/components/auth-login/index.ts
8:18:01 AM [vite] warning: Unrecognized target environment "ES2023"
1  |  import { clsx, type ClassValue } from 'clsx';
   |                               ^
2  |  import { twMerge } from 'tailwind-merge';
3  |  

  Plugin: vite:esbuild
  File: /Users/subbiahchandramouli/Documents/GitHub/all_projects/modules/component/src/lib/utils.ts
8:18:01 AM [vite] warning: Unrecognized target environment "ES2023"
1  |  import RefreshRuntime from "/@react-refresh";const inWebWorker = typeof WorkerGlobalScope !== 'undefined' && self instanceof WorkerGlobalScope;let prevRefreshReg;let prevRefreshSig;if (import.meta.hot && !inWebWorker) {  if (!window.__vite_plugin_react_preamble_installed__) {    throw new Error(      "@vitejs/plugin-react can't detect preamble. Something is wrong. " +      "See https://github.com/vitejs/vite-plugin-react/pull/11#discussion_r430879201"    );  }  prevRefreshReg = window.$RefreshReg$;  prevRefreshSig = window.$RefreshSig$;  window.$RefreshReg$ = (type, id) => {    RefreshRuntime.register(type, "/Users/subbiahchandramouli/Documents/GitHub/all_projects/modules/component/src/statefulComponents/audio/provider.tsx" + " " + id)  };  window.$RefreshSig$ = RefreshRuntime.createSignatureFunctionForTransform;}var _s = $RefreshSig$();import { useState, useEffect, useRef, useCallback, ReactNode } from 'react';
   |                               ^
2  |  import { AudioContext, AudioContextType } from './context';
3  |  

  Plugin: vite:esbuild
  File: /Users/subbiahchandramouli/Documents/GitHub/all_projects/modules/component/src/statefulComponents/audio/provider.tsx
8:18:01 AM [vite] warning: Unrecognized target environment "ES2023"
1  |  import RefreshRuntime from "/@react-refresh";const inWebWorker = typeof WorkerGlobalScope !== 'undefined' && self instanceof WorkerGlobalScope;let prevRefreshReg;let prevRefreshSig;if (import.meta.hot && !inWebWorker) {  if (!window.__vite_plugin_react_preamble_installed__) {    throw new Error(      "@vitejs/plugin-react can't detect preamble. Something is wrong. " +      "See https://github.com/vitejs/vite-plugin-react/pull/11#discussion_r430879201"    );  }  prevRefreshReg = window.$RefreshReg$;  prevRefreshSig = window.$RefreshSig$;  window.$RefreshReg$ = (type, id) => {    RefreshRuntime.register(type, "/Users/subbiahchandramouli/Documents/GitHub/all_projects/modules/component/src/statefulComponents/theme/provider.tsx" + " " + id)  };  window.$RefreshSig$ = RefreshRuntime.createSignatureFunctionForTransform;}var _s = $RefreshSig$();import { useState, useEffect, ReactNode, useCallback } from 'react';
   |                               ^
2  |  import { ThemeContext, Theme, ResolvedTheme, ThemeContextType } from './context';
3  |  

  Plugin: vite:esbuild
  File: /Users/subbiahchandramouli/Documents/GitHub/all_projects/modules/component/src/statefulComponents/theme/provider.tsx
8:18:01 AM [vite] warning: Unrecognized target environment "ES2023"
1  |  import RefreshRuntime from "/@react-refresh";const inWebWorker = typeof WorkerGlobalScope !== 'undefined' && self instanceof WorkerGlobalScope;let prevRefreshReg;let prevRefreshSig;if (import.meta.hot && !inWebWorker) {  if (!window.__vite_plugin_react_preamble_installed__) {    throw new Error(      "@vitejs/plugin-react can't detect preamble. Something is wrong. " +      "See https://github.com/vitejs/vite-plugin-react/pull/11#discussion_r430879201"    );  }  prevRefreshReg = window.$RefreshReg$;  prevRefreshSig = window.$RefreshSig$;  window.$RefreshReg$ = (type, id) => {    RefreshRuntime.register(type, "/Users/subbiahchandramouli/Documents/GitHub/all_projects/modules/component/src/statefulComponents/cursor/provider.tsx" + " " + id)  };  window.$RefreshSig$ = RefreshRuntime.createSignatureFunctionForTransform;}var _s = $RefreshSig$();import { useState, useEffect, useRef, ReactNode } from 'react';
   |                               ^
2  |  import { CursorContext, CursorContextType } from './context';
3  |  

  Plugin: vite:esbuild
  File: /Users/subbiahchandramouli/Documents/GitHub/all_projects/modules/component/src/statefulComponents/cursor/provider.tsx
8:18:01 AM [vite] warning: Unrecognized target environment "ES2023"
1  |  /**
2  |   * Auth module - Authentication context and provider
   |                           ^
3  |   *
4  |   * Provides authentication state management for React applications

  Plugin: vite:esbuild
  File: /Users/subbiahchandramouli/Documents/GitHub/all_projects/modules/component/src/statefulComponents/auth/index.ts
8:18:01 AM [vite] warning: Unrecognized target environment "ES2023"
1  |  import { createContext, useContext } from 'react';
   |                               ^
2  |  import { AuthUser, AuthTokenResponse } from '../../types/auth';
3  |  

  Plugin: vite:esbuild
  File: /Users/subbiahchandramouli/Documents/GitHub/all_projects/modules/component/src/statefulComponents/auth/context.ts
8:18:01 AM [vite] warning: Unrecognized target environment "ES2023"
1  |  import RefreshRuntime from "/@react-refresh";const inWebWorker = typeof WorkerGlobalScope !== 'undefined' && self instanceof WorkerGlobalScope;let prevRefreshReg;let prevRefreshSig;if (import.meta.hot && !inWebWorker) {  if (!window.__vite_plugin_react_preamble_installed__) {    throw new Error(      "@vitejs/plugin-react can't detect preamble. Something is wrong. " +      "See https://github.com/vitejs/vite-plugin-react/pull/11#discussion_r430879201"    );  }  prevRefreshReg = window.$RefreshReg$;  prevRefreshSig = window.$RefreshSig$;  window.$RefreshReg$ = (type, id) => {    RefreshRuntime.register(type, "/Users/subbiahchandramouli/Documents/GitHub/all_projects/modules/component/src/components/ui/slash-command-picker.tsx" + " " + id)  };  window.$RefreshSig$ = RefreshRuntime.createSignatureFunctionForTransform;}var _s = $RefreshSig$();import * as React from 'react';
   |                               ^
2  |  import { useVirtualizer } from '@tanstack/react-virtual';
3  |  import { cn } from '../../lib/utils';

  Plugin: vite:esbuild
  File: /Users/subbiahchandramouli/Documents/GitHub/all_projects/modules/component/src/components/ui/slash-command-picker.tsx
8:18:01 AM [vite] warning: Unrecognized target environment "ES2023"
1  |  import RefreshRuntime from "/@react-refresh";const inWebWorker = typeof WorkerGlobalScope !== 'undefined' && self instanceof WorkerGlobalScope;let prevRefreshReg;let prevRefreshSig;if (import.meta.hot && !inWebWorker) {  if (!window.__vite_plugin_react_preamble_installed__) {    throw new Error(      "@vitejs/plugin-react can't detect preamble. Something is wrong. " +      "See https://github.com/vitejs/vite-plugin-react/pull/11#discussion_r430879201"    );  }  prevRefreshReg = window.$RefreshReg$;  prevRefreshSig = window.$RefreshSig$;  window.$RefreshReg$ = (type, id) => {    RefreshRuntime.register(type, "/Users/subbiahchandramouli/Documents/GitHub/all_projects/modules/component/src/components/ui/dropdown-menu.tsx" + " " + id)  };  window.$RefreshSig$ = RefreshRuntime.createSignatureFunctionForTransform;}import * as React from 'react';
   |                               ^
2  |  import * as DropdownMenuPrimitive from '@radix-ui/react-dropdown-menu';
3  |  import { Check, ChevronRight, Circle } from 'lucide-react';

  Plugin: vite:esbuild
  File: /Users/subbiahchandramouli/Documents/GitHub/all_projects/modules/component/src/components/ui/dropdown-menu.tsx
8:18:01 AM [vite] warning: Unrecognized target environment "ES2023"
1  |  import RefreshRuntime from "/@react-refresh";const inWebWorker = typeof WorkerGlobalScope !== 'undefined' && self instanceof WorkerGlobalScope;let prevRefreshReg;let prevRefreshSig;if (import.meta.hot && !inWebWorker) {  if (!window.__vite_plugin_react_preamble_installed__) {    throw new Error(      "@vitejs/plugin-react can't detect preamble. Something is wrong. " +      "See https://github.com/vitejs/vite-plugin-react/pull/11#discussion_r430879201"    );  }  prevRefreshReg = window.$RefreshReg$;  prevRefreshSig = window.$RefreshSig$;  window.$RefreshReg$ = (type, id) => {    RefreshRuntime.register(type, "/Users/subbiahchandramouli/Documents/GitHub/all_projects/modules/component/src/components/ui/file-intellisense-picker.tsx" + " " + id)  };  window.$RefreshSig$ = RefreshRuntime.createSignatureFunctionForTransform;}var _s = $RefreshSig$();import * as React from 'react';
   |                               ^
2  |  import { useVirtualizer } from '@tanstack/react-virtual';
3  |  import { cn } from '../../lib/utils';

  Plugin: vite:esbuild
  File: /Users/subbiahchandramouli/Documents/GitHub/all_projects/modules/component/src/components/ui/file-intellisense-picker.tsx
8:18:01 AM [vite] warning: Unrecognized target environment "ES2023"
1  |  import RefreshRuntime from "/@react-refresh";const inWebWorker = typeof WorkerGlobalScope !== 'undefined' && self instanceof WorkerGlobalScope;let prevRefreshReg;let prevRefreshSig;if (import.meta.hot && !inWebWorker) {  if (!window.__vite_plugin_react_preamble_installed__) {    throw new Error(      "@vitejs/plugin-react can't detect preamble. Something is wrong. " +      "See https://github.com/vitejs/vite-plugin-react/pull/11#discussion_r430879201"    );  }  prevRefreshReg = window.$RefreshReg$;  prevRefreshSig = window.$RefreshSig$;  window.$RefreshReg$ = (type, id) => {    RefreshRuntime.register(type, "/Users/subbiahchandramouli/Documents/GitHub/all_projects/modules/component/src/components/auth-login/auth-login.tsx" + " " + id)  };  window.$RefreshSig$ = RefreshRuntime.createSignatureFunctionForTransform;}var _s = $RefreshSig$(); /**
   |                               ^
2  |   * AuthLogin Component
3  |   *

  Plugin: vite:esbuild
  File: /Users/subbiahchandramouli/Documents/GitHub/all_projects/modules/component/src/components/auth-login/auth-login.tsx
8:18:01 AM [vite] warning: Unrecognized target environment "ES2023"
1  |  import { createContext, useContext } from 'react';
   |                               ^
2  |  
3  |  export type Theme = 'light' | 'dark' | 'system';

  Plugin: vite:esbuild
  File: /Users/subbiahchandramouli/Documents/GitHub/all_projects/modules/component/src/statefulComponents/theme/context.ts
8:18:01 AM [vite] warning: Unrecognized target environment "ES2023"
1  |  import { createContext, useContext } from 'react';
   |                               ^
2  |  
3  |  export interface CursorContextType {

  Plugin: vite:esbuild
  File: /Users/subbiahchandramouli/Documents/GitHub/all_projects/modules/component/src/statefulComponents/cursor/context.ts
8:18:01 AM [vite] warning: Unrecognized target environment "ES2023"
1  |  import { createContext, useContext } from 'react';
   |                               ^
2  |  
3  |  export interface AudioContextType {

  Plugin: vite:esbuild
  File: /Users/subbiahchandramouli/Documents/GitHub/all_projects/modules/component/src/statefulComponents/audio/context.ts
8:18:01 AM [vite] warning: Unrecognized target environment "ES2023"
1  |  import RefreshRuntime from "/@react-refresh";const inWebWorker = typeof WorkerGlobalScope !== 'undefined' && self instanceof WorkerGlobalScope;let prevRefreshReg;let prevRefreshSig;if (import.meta.hot && !inWebWorker) {  if (!window.__vite_plugin_react_preamble_installed__) {    throw new Error(      "@vitejs/plugin-react can't detect preamble. Something is wrong. " +      "See https://github.com/vitejs/vite-plugin-react/pull/11#discussion_r430879201"    );  }  prevRefreshReg = window.$RefreshReg$;  prevRefreshSig = window.$RefreshSig$;  window.$RefreshReg$ = (type, id) => {    RefreshRuntime.register(type, "/Users/subbiahchandramouli/Documents/GitHub/all_projects/modules/component/src/statefulComponents/auth/provider.tsx" + " " + id)  };  window.$RefreshSig$ = RefreshRuntime.createSignatureFunctionForTransform;}var _s = $RefreshSig$();import { useState, useEffect, ReactNode } from 'react';
   |                               ^
2  |  import { AuthContext, AuthContextType } from './context';
3  |  import { AuthUser, AuthTokenResponse } from '../../types/auth';

  Plugin: vite:esbuild
  File: /Users/subbiahchandramouli/Documents/GitHub/all_projects/modules/component/src/statefulComponents/auth/provider.tsx
8:29:49 AM [vite] page reload /Users/subbiahchandramouli/Documents/GitHub/all_projects/modules/component/src/components/ai-elements/package-info.stories.tsx
8:29:49 AM [vite] page reload /Users/subbiahchandramouli/Documents/GitHub/all_projects/modules/component/src/components/ai-elements/snippet.stories.tsx
8:29:49 AM [vite] hmr update /@fs/Users/subbiahchandramouli/Documents/GitHub/all_projects/modules/component/src/components/auth-login/auth-login.tsx, /src/index.css, /@fs/Users/subbiahchandramouli/Documents/GitHub/all_projects/modules/component/src/styles/index.css
8:29:49 AM [vite] hmr update /@fs/Users/subbiahchandramouli/Documents/GitHub/all_projects/modules/component/src/InitializeReusableChunks.tsx, /src/index.css, /@fs/Users/subbiahchandramouli/Documents/GitHub/all_projects/modules/component/src/styles/index.css
8:29:49 AM [vite] hmr update /@fs/Users/subbiahchandramouli/Documents/GitHub/all_projects/modules/component/src/InitializeReusableChunks.tsx, /src/index.css, /@fs/Users/subbiahchandramouli/Documents/GitHub/all_projects/modules/component/src/styles/index.css
8:29:49 AM [vite] warning: Unrecognized target environment "ES2023"
1  |  import RefreshRuntime from "/@react-refresh";const inWebWorker = typeof WorkerGlobalScope !== 'undefined' && self instanceof WorkerGlobalScope;let prevRefreshReg;let prevRefreshSig;if (import.meta.hot && !inWebWorker) {  if (!window.__vite_plugin_react_preamble_installed__) {    throw new Error(      "@vitejs/plugin-react can't detect preamble. Something is wrong. " +      "See https://github.com/vitejs/vite-plugin-react/pull/11#discussion_r430879201"    );  }  prevRefreshReg = window.$RefreshReg$;  prevRefreshSig = window.$RefreshSig$;  window.$RefreshReg$ = (type, id) => {    RefreshRuntime.register(type, "/Users/subbiahchandramouli/Documents/GitHub/all_projects/modules/component/src/components/auth-login/auth-login.tsx" + " " + id)  };  window.$RefreshSig$ = RefreshRuntime.createSignatureFunctionForTransform;}var _s = $RefreshSig$(); /**
   |                               ^
2  |   * AuthLogin Component
3  |   *

  Plugin: vite:esbuild
  File: /Users/subbiahchandramouli/Documents/GitHub/all_projects/modules/component/src/components/auth-login/auth-login.tsx
8:29:49 AM [vite] warning: Unrecognized target environment "ES2023"
1  |  /**
2  |   * AuthLogin - Reusable OAuth login component
   |                           ^
3  |   *
4  |   * Provides a generic OAuth login UI that wraps provider-specific login buttons.

  Plugin: vite:esbuild
  File: /Users/subbiahchandramouli/Documents/GitHub/all_projects/modules/component/src/components/auth-login/index.ts
8:29:49 AM [vite] warning: Unrecognized target environment "ES2023"
1  |  /**
2  |   * Auth module - Authentication context and provider
   |                           ^
3  |   *
4  |   * Provides authentication state management for React applications

  Plugin: vite:esbuild
  File: /Users/subbiahchandramouli/Documents/GitHub/all_projects/modules/component/src/statefulComponents/auth/index.ts
8:29:49 AM [vite] page reload /Users/subbiahchandramouli/Documents/GitHub/all_projects/modules/component/src/statefulComponents/extensionAuth/index.ts
8:29:49 AM [vite] hmr update /src/components/ChatListContent.tsx, /src/index.css, /@fs/Users/subbiahchandramouli/Documents/GitHub/all_projects/modules/component/src/styles/index.css
8:29:49 AM [vite] hmr update /src/pages/SchedulerView.tsx, /src/index.css, /@fs/Users/subbiahchandramouli/Documents/GitHub/all_projects/modules/component/src/styles/index.css, /src/pages/InteractiveChatView.tsx, /src/components/SchedulerSettingsDrawer.tsx, /src/components/SchedulerForm.tsx
8:29:49 AM [vite] ../.env changed, restarting server...
8:29:49 AM [vite] server restarted.
8:29:50 AM [vite] ../.env changed, restarting server...
8:29:50 AM [vite] server restarted.
8:29:53 AM [vite] warning: Unrecognized target environment "ES2023"
1  |  import RefreshRuntime from "/@react-refresh";const inWebWorker = typeof WorkerGlobalScope !== 'undefined' && self instanceof WorkerGlobalScope;let prevRefreshReg;let prevRefreshSig;if (import.meta.hot && !inWebWorker) {  if (!window.__vite_plugin_react_preamble_installed__) {    throw new Error(      "@vitejs/plugin-react can't detect preamble. Something is wrong. " +      "See https://github.com/vitejs/vite-plugin-react/pull/11#discussion_r430879201"    );  }  prevRefreshReg = window.$RefreshReg$;  prevRefreshSig = window.$RefreshSig$;  window.$RefreshReg$ = (type, id) => {    RefreshRuntime.register(type, "/Users/subbiahchandramouli/Documents/GitHub/all_projects/modules/component/src/InitializeReusableChunks.tsx" + " " + id)  };  window.$RefreshSig$ = RefreshRuntime.createSignatureFunctionForTransform;}var _s = $RefreshSig$(),_s2 = $RefreshSig$();import { ReactNode, useEffect, useState, useRef } from 'react';
   |                               ^
2  |  import { GoogleOAuthProvider } from '@react-oauth/google';
3  |  import { ThemeProvider } from './statefulComponents/theme/provider';

  Plugin: vite:esbuild
  File: /Users/subbiahchandramouli/Documents/GitHub/all_projects/modules/component/src/InitializeReusableChunks.tsx
8:29:53 AM [vite] warning: Unrecognized target environment "ES2023"
1  |  import RefreshRuntime from "/@react-refresh";const inWebWorker = typeof WorkerGlobalScope !== 'undefined' && self instanceof WorkerGlobalScope;let prevRefreshReg;let prevRefreshSig;if (import.meta.hot && !inWebWorker) {  if (!window.__vite_plugin_react_preamble_installed__) {    throw new Error(      "@vitejs/plugin-react can't detect preamble. Something is wrong. " +      "See https://github.com/vitejs/vite-plugin-react/pull/11#discussion_r430879201"    );  }  prevRefreshReg = window.$RefreshReg$;  prevRefreshSig = window.$RefreshSig$;  window.$RefreshReg$ = (type, id) => {    RefreshRuntime.register(type, "/Users/subbiahchandramouli/Documents/GitHub/all_projects/modules/component/src/components/ui/button.tsx" + " " + id)  };  window.$RefreshSig$ = RefreshRuntime.createSignatureFunctionForTransform;}import * as React from 'react';
   |                               ^
2  |  import { Slot } from '@radix-ui/react-slot';
3  |  import { cva, type VariantProps } from 'class-variance-authority';

  Plugin: vite:esbuild
  File: /Users/subbiahchandramouli/Documents/GitHub/all_projects/modules/component/src/components/ui/button.tsx
8:29:53 AM [vite] warning: Unrecognized target environment "ES2023"
1  |  import RefreshRuntime from "/@react-refresh";const inWebWorker = typeof WorkerGlobalScope !== 'undefined' && self instanceof WorkerGlobalScope;let prevRefreshReg;let prevRefreshSig;if (import.meta.hot && !inWebWorker) {  if (!window.__vite_plugin_react_preamble_installed__) {    throw new Error(      "@vitejs/plugin-react can't detect preamble. Something is wrong. " +      "See https://github.com/vitejs/vite-plugin-react/pull/11#discussion_r430879201"    );  }  prevRefreshReg = window.$RefreshReg$;  prevRefreshSig = window.$RefreshSig$;  window.$RefreshReg$ = (type, id) => {    RefreshRuntime.register(type, "/Users/subbiahchandramouli/Documents/GitHub/all_projects/modules/component/src/components/ui/dialog.tsx" + " " + id)  };  window.$RefreshSig$ = RefreshRuntime.createSignatureFunctionForTransform;}import * as React from 'react';
   |                               ^
2  |  import * as DialogPrimitive from '@radix-ui/react-dialog';
3  |  import { X } from 'lucide-react';

  Plugin: vite:esbuild
  File: /Users/subbiahchandramouli/Documents/GitHub/all_projects/modules/component/src/components/ui/dialog.tsx
8:29:53 AM [vite] warning: Unrecognized target environment "ES2023"
1  |  import RefreshRuntime from "/@react-refresh";const inWebWorker = typeof WorkerGlobalScope !== 'undefined' && self instanceof WorkerGlobalScope;let prevRefreshReg;let prevRefreshSig;if (import.meta.hot && !inWebWorker) {  if (!window.__vite_plugin_react_preamble_installed__) {    throw new Error(      "@vitejs/plugin-react can't detect preamble. Something is wrong. " +      "See https://github.com/vitejs/vite-plugin-react/pull/11#discussion_r430879201"    );  }  prevRefreshReg = window.$RefreshReg$;  prevRefreshSig = window.$RefreshSig$;  window.$RefreshReg$ = (type, id) => {    RefreshRuntime.register(type, "/Users/subbiahchandramouli/Documents/GitHub/all_projects/modules/component/src/components/ui/textarea.tsx" + " " + id)  };  window.$RefreshSig$ = RefreshRuntime.createSignatureFunctionForTransform;}import * as React from 'react';
   |                               ^
2  |  import { cn } from '../../lib/utils';
3  |  

  Plugin: vite:esbuild
  File: /Users/subbiahchandramouli/Documents/GitHub/all_projects/modules/component/src/components/ui/textarea.tsx
8:29:53 AM [vite] warning: Unrecognized target environment "ES2023"
1  |  import RefreshRuntime from "/@react-refresh";const inWebWorker = typeof WorkerGlobalScope !== 'undefined' && self instanceof WorkerGlobalScope;let prevRefreshReg;let prevRefreshSig;if (import.meta.hot && !inWebWorker) {  if (!window.__vite_plugin_react_preamble_installed__) {    throw new Error(      "@vitejs/plugin-react can't detect preamble. Something is wrong. " +      "See https://github.com/vitejs/vite-plugin-react/pull/11#discussion_r430879201"    );  }  prevRefreshReg = window.$RefreshReg$;  prevRefreshSig = window.$RefreshSig$;  window.$RefreshReg$ = (type, id) => {    RefreshRuntime.register(type, "/Users/subbiahchandramouli/Documents/GitHub/all_projects/modules/component/src/components/DataFetchWrapper.tsx" + " " + id)  };  window.$RefreshSig$ = RefreshRuntime.createSignatureFunctionForTransform;}import { ReactNode } from 'react';
   |                               ^
2  |  import { Loader2, AlertTriangle } from 'lucide-react';
3  |  

  Plugin: vite:esbuild
  File: /Users/subbiahchandramouli/Documents/GitHub/all_projects/modules/component/src/components/DataFetchWrapper.tsx
8:29:53 AM [vite] warning: Unrecognized target environment "ES2023"
1  |  import RefreshRuntime from "/@react-refresh";const inWebWorker = typeof WorkerGlobalScope !== 'undefined' && self instanceof WorkerGlobalScope;let prevRefreshReg;let prevRefreshSig;if (import.meta.hot && !inWebWorker) {  if (!window.__vite_plugin_react_preamble_installed__) {    throw new Error(      "@vitejs/plugin-react can't detect preamble. Something is wrong. " +      "See https://github.com/vitejs/vite-plugin-react/pull/11#discussion_r430879201"    );  }  prevRefreshReg = window.$RefreshReg$;  prevRefreshSig = window.$RefreshSig$;  window.$RefreshReg$ = (type, id) => {    RefreshRuntime.register(type, "/Users/subbiahchandramouli/Documents/GitHub/all_projects/modules/component/src/components/ui/tabs.tsx" + " " + id)  };  window.$RefreshSig$ = RefreshRuntime.createSignatureFunctionForTransform;}import * as React from 'react';
   |                               ^
2  |  import * as TabsPrimitive from '@radix-ui/react-tabs';
3  |  import { cn } from '../../lib/utils';

  Plugin: vite:esbuild
  File: /Users/subbiahchandramouli/Documents/GitHub/all_projects/modules/component/src/components/ui/tabs.tsx
8:29:53 AM [vite] warning: Unrecognized target environment "ES2023"
1  |  /**
2  |   * Auth module - Authentication context and provider
   |                           ^
3  |   *
4  |   * Provides authentication state management for React applications

  Plugin: vite:esbuild
  File: /Users/subbiahchandramouli/Documents/GitHub/all_projects/modules/component/src/statefulComponents/auth/index.ts
8:29:53 AM [vite] warning: Unrecognized target environment "ES2023"
1  |  /**
2  |   * AuthLogin - Reusable OAuth login component
   |                           ^
3  |   *
4  |   * Provides a generic OAuth login UI that wraps provider-specific login buttons.

  Plugin: vite:esbuild
  File: /Users/subbiahchandramouli/Documents/GitHub/all_projects/modules/component/src/components/auth-login/index.ts
8:29:53 AM [vite] warning: Unrecognized target environment "ES2023"
1  |  import RefreshRuntime from "/@react-refresh";const inWebWorker = typeof WorkerGlobalScope !== 'undefined' && self instanceof WorkerGlobalScope;let prevRefreshReg;let prevRefreshSig;if (import.meta.hot && !inWebWorker) {  if (!window.__vite_plugin_react_preamble_installed__) {    throw new Error(      "@vitejs/plugin-react can't detect preamble. Something is wrong. " +      "See https://github.com/vitejs/vite-plugin-react/pull/11#discussion_r430879201"    );  }  prevRefreshReg = window.$RefreshReg$;  prevRefreshSig = window.$RefreshSig$;  window.$RefreshReg$ = (type, id) => {    RefreshRuntime.register(type, "/Users/subbiahchandramouli/Documents/GitHub/all_projects/modules/component/src/components/ui/tooltip.tsx" + " " + id)  };  window.$RefreshSig$ = RefreshRuntime.createSignatureFunctionForTransform;}import * as React from 'react';
   |                               ^
2  |  import * as TooltipPrimitive from '@radix-ui/react-tooltip';
3  |  

  Plugin: vite:esbuild
  File: /Users/subbiahchandramouli/Documents/GitHub/all_projects/modules/component/src/components/ui/tooltip.tsx
8:29:53 AM [vite] warning: Unrecognized target environment "ES2023"
1  |  import { createContext, useContext } from 'react';
   |                               ^
2  |  import { AuthUser, AuthTokenResponse } from '../../types/auth';
3  |  

  Plugin: vite:esbuild
  File: /Users/subbiahchandramouli/Documents/GitHub/all_projects/modules/component/src/statefulComponents/auth/context.ts
8:29:54 AM [vite] warning: Unrecognized target environment "ES2023"
1  |  import RefreshRuntime from "/@react-refresh";const inWebWorker = typeof WorkerGlobalScope !== 'undefined' && self instanceof WorkerGlobalScope;let prevRefreshReg;let prevRefreshSig;if (import.meta.hot && !inWebWorker) {  if (!window.__vite_plugin_react_preamble_installed__) {    throw new Error(      "@vitejs/plugin-react can't detect preamble. Something is wrong. " +      "See https://github.com/vitejs/vite-plugin-react/pull/11#discussion_r430879201"    );  }  prevRefreshReg = window.$RefreshReg$;  prevRefreshSig = window.$RefreshSig$;  window.$RefreshReg$ = (type, id) => {    RefreshRuntime.register(type, "/Users/subbiahchandramouli/Documents/GitHub/all_projects/modules/component/src/statefulComponents/theme/provider.tsx" + " " + id)  };  window.$RefreshSig$ = RefreshRuntime.createSignatureFunctionForTransform;}var _s = $RefreshSig$();import { useState, useEffect, ReactNode, useCallback } from 'react';
   |                               ^
2  |  import { ThemeContext, Theme, ResolvedTheme, ThemeContextType } from './context';
3  |  

  Plugin: vite:esbuild
  File: /Users/subbiahchandramouli/Documents/GitHub/all_projects/modules/component/src/statefulComponents/theme/provider.tsx
8:29:54 AM [vite] warning: Unrecognized target environment "ES2023"
1  |  import RefreshRuntime from "/@react-refresh";const inWebWorker = typeof WorkerGlobalScope !== 'undefined' && self instanceof WorkerGlobalScope;let prevRefreshReg;let prevRefreshSig;if (import.meta.hot && !inWebWorker) {  if (!window.__vite_plugin_react_preamble_installed__) {    throw new Error(      "@vitejs/plugin-react can't detect preamble. Something is wrong. " +      "See https://github.com/vitejs/vite-plugin-react/pull/11#discussion_r430879201"    );  }  prevRefreshReg = window.$RefreshReg$;  prevRefreshSig = window.$RefreshSig$;  window.$RefreshReg$ = (type, id) => {    RefreshRuntime.register(type, "/Users/subbiahchandramouli/Documents/GitHub/all_projects/modules/component/src/statefulComponents/audio/provider.tsx" + " " + id)  };  window.$RefreshSig$ = RefreshRuntime.createSignatureFunctionForTransform;}var _s = $RefreshSig$();import { useState, useEffect, useRef, useCallback, ReactNode } from 'react';
   |                               ^
2  |  import { AudioContext, AudioContextType } from './context';
3  |  

  Plugin: vite:esbuild
  File: /Users/subbiahchandramouli/Documents/GitHub/all_projects/modules/component/src/statefulComponents/audio/provider.tsx
8:29:54 AM [vite] warning: Unrecognized target environment "ES2023"
1  |  import RefreshRuntime from "/@react-refresh";const inWebWorker = typeof WorkerGlobalScope !== 'undefined' && self instanceof WorkerGlobalScope;let prevRefreshReg;let prevRefreshSig;if (import.meta.hot && !inWebWorker) {  if (!window.__vite_plugin_react_preamble_installed__) {    throw new Error(      "@vitejs/plugin-react can't detect preamble. Something is wrong. " +      "See https://github.com/vitejs/vite-plugin-react/pull/11#discussion_r430879201"    );  }  prevRefreshReg = window.$RefreshReg$;  prevRefreshSig = window.$RefreshSig$;  window.$RefreshReg$ = (type, id) => {    RefreshRuntime.register(type, "/Users/subbiahchandramouli/Documents/GitHub/all_projects/modules/component/src/statefulComponents/cursor/provider.tsx" + " " + id)  };  window.$RefreshSig$ = RefreshRuntime.createSignatureFunctionForTransform;}var _s = $RefreshSig$();import { useState, useEffect, useRef, ReactNode } from 'react';
   |                               ^
2  |  import { CursorContext, CursorContextType } from './context';
3  |  

  Plugin: vite:esbuild
  File: /Users/subbiahchandramouli/Documents/GitHub/all_projects/modules/component/src/statefulComponents/cursor/provider.tsx
8:29:54 AM [vite] warning: Unrecognized target environment "ES2023"
1  |  import { clsx, type ClassValue } from 'clsx';
   |                               ^
2  |  import { twMerge } from 'tailwind-merge';
3  |  

  Plugin: vite:esbuild
  File: /Users/subbiahchandramouli/Documents/GitHub/all_projects/modules/component/src/lib/utils.ts
8:29:54 AM [vite] warning: Unrecognized target environment "ES2023"
1  |  import RefreshRuntime from "/@react-refresh";const inWebWorker = typeof WorkerGlobalScope !== 'undefined' && self instanceof WorkerGlobalScope;let prevRefreshReg;let prevRefreshSig;if (import.meta.hot && !inWebWorker) {  if (!window.__vite_plugin_react_preamble_installed__) {    throw new Error(      "@vitejs/plugin-react can't detect preamble. Something is wrong. " +      "See https://github.com/vitejs/vite-plugin-react/pull/11#discussion_r430879201"    );  }  prevRefreshReg = window.$RefreshReg$;  prevRefreshSig = window.$RefreshSig$;  window.$RefreshReg$ = (type, id) => {    RefreshRuntime.register(type, "/Users/subbiahchandramouli/Documents/GitHub/all_projects/modules/component/src/components/ui/drawer.tsx" + " " + id)  };  window.$RefreshSig$ = RefreshRuntime.createSignatureFunctionForTransform;}import * as React from 'react';
   |                               ^
2  |  import { Drawer as DrawerPrimitive } from 'vaul';
3  |  import { cn } from '../../lib/utils';

  Plugin: vite:esbuild
  File: /Users/subbiahchandramouli/Documents/GitHub/all_projects/modules/component/src/components/ui/drawer.tsx
8:29:54 AM [vite] warning: Unrecognized target environment "ES2023"
1  |  import RefreshRuntime from "/@react-refresh";const inWebWorker = typeof WorkerGlobalScope !== 'undefined' && self instanceof WorkerGlobalScope;let prevRefreshReg;let prevRefreshSig;if (import.meta.hot && !inWebWorker) {  if (!window.__vite_plugin_react_preamble_installed__) {    throw new Error(      "@vitejs/plugin-react can't detect preamble. Something is wrong. " +      "See https://github.com/vitejs/vite-plugin-react/pull/11#discussion_r430879201"    );  }  prevRefreshReg = window.$RefreshReg$;  prevRefreshSig = window.$RefreshSig$;  window.$RefreshReg$ = (type, id) => {    RefreshRuntime.register(type, "/Users/subbiahchandramouli/Documents/GitHub/all_projects/modules/component/src/components/ui/checkbox.tsx" + " " + id)  };  window.$RefreshSig$ = RefreshRuntime.createSignatureFunctionForTransform;}import * as React from 'react';
   |                               ^
2  |  import * as CheckboxPrimitive from '@radix-ui/react-checkbox';
3  |  import { Check } from 'lucide-react';

  Plugin: vite:esbuild
  File: /Users/subbiahchandramouli/Documents/GitHub/all_projects/modules/component/src/components/ui/checkbox.tsx
8:29:54 AM [vite] warning: Unrecognized target environment "ES2023"
1  |  import RefreshRuntime from "/@react-refresh";const inWebWorker = typeof WorkerGlobalScope !== 'undefined' && self instanceof WorkerGlobalScope;let prevRefreshReg;let prevRefreshSig;if (import.meta.hot && !inWebWorker) {  if (!window.__vite_plugin_react_preamble_installed__) {    throw new Error(      "@vitejs/plugin-react can't detect preamble. Something is wrong. " +      "See https://github.com/vitejs/vite-plugin-react/pull/11#discussion_r430879201"    );  }  prevRefreshReg = window.$RefreshReg$;  prevRefreshSig = window.$RefreshSig$;  window.$RefreshReg$ = (type, id) => {    RefreshRuntime.register(type, "/Users/subbiahchandramouli/Documents/GitHub/all_projects/modules/component/src/components/ui/input.tsx" + " " + id)  };  window.$RefreshSig$ = RefreshRuntime.createSignatureFunctionForTransform;}import * as React from 'react';
   |                               ^
2  |  import { cn } from '../../lib/utils';
3  |  

  Plugin: vite:esbuild
  File: /Users/subbiahchandramouli/Documents/GitHub/all_projects/modules/component/src/components/ui/input.tsx
8:29:54 AM [vite] warning: Unrecognized target environment "ES2023"
1  |  import RefreshRuntime from "/@react-refresh";const inWebWorker = typeof WorkerGlobalScope !== 'undefined' && self instanceof WorkerGlobalScope;let prevRefreshReg;let prevRefreshSig;if (import.meta.hot && !inWebWorker) {  if (!window.__vite_plugin_react_preamble_installed__) {    throw new Error(      "@vitejs/plugin-react can't detect preamble. Something is wrong. " +      "See https://github.com/vitejs/vite-plugin-react/pull/11#discussion_r430879201"    );  }  prevRefreshReg = window.$RefreshReg$;  prevRefreshSig = window.$RefreshSig$;  window.$RefreshReg$ = (type, id) => {    RefreshRuntime.register(type, "/Users/subbiahchandramouli/Documents/GitHub/all_projects/modules/component/src/components/ui/dropdown-menu.tsx" + " " + id)  };  window.$RefreshSig$ = RefreshRuntime.createSignatureFunctionForTransform;}import * as React from 'react';
   |                               ^
2  |  import * as DropdownMenuPrimitive from '@radix-ui/react-dropdown-menu';
3  |  import { Check, ChevronRight, Circle } from 'lucide-react';

  Plugin: vite:esbuild
  File: /Users/subbiahchandramouli/Documents/GitHub/all_projects/modules/component/src/components/ui/dropdown-menu.tsx
8:29:54 AM [vite] warning: Unrecognized target environment "ES2023"
1  |  import RefreshRuntime from "/@react-refresh";const inWebWorker = typeof WorkerGlobalScope !== 'undefined' && self instanceof WorkerGlobalScope;let prevRefreshReg;let prevRefreshSig;if (import.meta.hot && !inWebWorker) {  if (!window.__vite_plugin_react_preamble_installed__) {    throw new Error(      "@vitejs/plugin-react can't detect preamble. Something is wrong. " +      "See https://github.com/vitejs/vite-plugin-react/pull/11#discussion_r430879201"    );  }  prevRefreshReg = window.$RefreshReg$;  prevRefreshSig = window.$RefreshSig$;  window.$RefreshReg$ = (type, id) => {    RefreshRuntime.register(type, "/Users/subbiahchandramouli/Documents/GitHub/all_projects/modules/component/src/components/auth-login/auth-login.tsx" + " " + id)  };  window.$RefreshSig$ = RefreshRuntime.createSignatureFunctionForTransform;}var _s = $RefreshSig$(); /**
   |                               ^
2  |   * AuthLogin Component
3  |   *

  Plugin: vite:esbuild
  File: /Users/subbiahchandramouli/Documents/GitHub/all_projects/modules/component/src/components/auth-login/auth-login.tsx
8:29:54 AM [vite] warning: Unrecognized target environment "ES2023"
1  |  import { createContext, useContext } from 'react';
   |                               ^
2  |  
3  |  export type Theme = 'light' | 'dark' | 'system';

  Plugin: vite:esbuild
  File: /Users/subbiahchandramouli/Documents/GitHub/all_projects/modules/component/src/statefulComponents/theme/context.ts
8:29:54 AM [vite] warning: Unrecognized target environment "ES2023"
1  |  import { createContext, useContext } from 'react';
   |                               ^
2  |  
3  |  export interface CursorContextType {

  Plugin: vite:esbuild
  File: /Users/subbiahchandramouli/Documents/GitHub/all_projects/modules/component/src/statefulComponents/cursor/context.ts
8:29:54 AM [vite] warning: Unrecognized target environment "ES2023"
1  |  import { createContext, useContext } from 'react';
   |                               ^
2  |  
3  |  export interface AudioContextType {

  Plugin: vite:esbuild
  File: /Users/subbiahchandramouli/Documents/GitHub/all_projects/modules/component/src/statefulComponents/audio/context.ts
8:29:54 AM [vite] warning: Unrecognized target environment "ES2023"
1  |  import RefreshRuntime from "/@react-refresh";const inWebWorker = typeof WorkerGlobalScope !== 'undefined' && self instanceof WorkerGlobalScope;let prevRefreshReg;let prevRefreshSig;if (import.meta.hot && !inWebWorker) {  if (!window.__vite_plugin_react_preamble_installed__) {    throw new Error(      "@vitejs/plugin-react can't detect preamble. Something is wrong. " +      "See https://github.com/vitejs/vite-plugin-react/pull/11#discussion_r430879201"    );  }  prevRefreshReg = window.$RefreshReg$;  prevRefreshSig = window.$RefreshSig$;  window.$RefreshReg$ = (type, id) => {    RefreshRuntime.register(type, "/Users/subbiahchandramouli/Documents/GitHub/all_projects/modules/component/src/statefulComponents/auth/provider.tsx" + " " + id)  };  window.$RefreshSig$ = RefreshRuntime.createSignatureFunctionForTransform;}var _s = $RefreshSig$();import { useState, useEffect, ReactNode } from 'react';
   |                               ^
2  |  import { AuthContext, AuthContextType } from './context';
3  |  import { AuthUser, AuthTokenResponse } from '../../types/auth';

  Plugin: vite:esbuild
  File: /Users/subbiahchandramouli/Documents/GitHub/all_projects/modules/component/src/statefulComponents/auth/provider.tsx
8:29:54 AM [vite] warning: Unrecognized target environment "ES2023"
1  |  import RefreshRuntime from "/@react-refresh";const inWebWorker = typeof WorkerGlobalScope !== 'undefined' && self instanceof WorkerGlobalScope;let prevRefreshReg;let prevRefreshSig;if (import.meta.hot && !inWebWorker) {  if (!window.__vite_plugin_react_preamble_installed__) {    throw new Error(      "@vitejs/plugin-react can't detect preamble. Something is wrong. " +      "See https://github.com/vitejs/vite-plugin-react/pull/11#discussion_r430879201"    );  }  prevRefreshReg = window.$RefreshReg$;  prevRefreshSig = window.$RefreshSig$;  window.$RefreshReg$ = (type, id) => {    RefreshRuntime.register(type, "/Users/subbiahchandramouli/Documents/GitHub/all_projects/modules/component/src/components/ui/slash-command-picker.tsx" + " " + id)  };  window.$RefreshSig$ = RefreshRuntime.createSignatureFunctionForTransform;}var _s = $RefreshSig$();import * as React from 'react';
   |                               ^
2  |  import { useVirtualizer } from '@tanstack/react-virtual';
3  |  import { cn } from '../../lib/utils';

  Plugin: vite:esbuild
  File: /Users/subbiahchandramouli/Documents/GitHub/all_projects/modules/component/src/components/ui/slash-command-picker.tsx
8:29:54 AM [vite] warning: Unrecognized target environment "ES2023"
1  |  import RefreshRuntime from "/@react-refresh";const inWebWorker = typeof WorkerGlobalScope !== 'undefined' && self instanceof WorkerGlobalScope;let prevRefreshReg;let prevRefreshSig;if (import.meta.hot && !inWebWorker) {  if (!window.__vite_plugin_react_preamble_installed__) {    throw new Error(      "@vitejs/plugin-react can't detect preamble. Something is wrong. " +      "See https://github.com/vitejs/vite-plugin-react/pull/11#discussion_r430879201"    );  }  prevRefreshReg = window.$RefreshReg$;  prevRefreshSig = window.$RefreshSig$;  window.$RefreshReg$ = (type, id) => {    RefreshRuntime.register(type, "/Users/subbiahchandramouli/Documents/GitHub/all_projects/modules/component/src/components/ui/file-intellisense-picker.tsx" + " " + id)  };  window.$RefreshSig$ = RefreshRuntime.createSignatureFunctionForTransform;}var _s = $RefreshSig$();import * as React from 'react';
   |                               ^
2  |  import { useVirtualizer } from '@tanstack/react-virtual';
3  |  import { cn } from '../../lib/utils';

  Plugin: vite:esbuild
  File: /Users/subbiahchandramouli/Documents/GitHub/all_projects/modules/component/src/components/ui/file-intellisense-picker.tsx
